<?xml version="1.0" encoding="UTF-8"?>
<testng-results ignored="0" total="1" passed="1" failed="0" skipped="0">
  <reporter-output>
  </reporter-output>
  <suite started-at="2024-09-25T20:29:41 IST" name="Suite" finished-at="2024-09-25T20:29:43 IST" duration-ms="2850">
    <groups>
    </groups>
    <test started-at="2024-09-25T20:29:41 IST" name="Test" finished-at="2024-09-25T20:29:43 IST" duration-ms="2850">
      <class name="com.nithin.tests.StandAloneTest">
        <test-method signature="loginTest()[pri:0, instance:com.nithin.tests.StandAloneTest@50a638b5]" started-at="2024-09-25T20:29:41 IST" name="loginTest" finished-at="2024-09-25T20:29:43 IST" duration-ms="2827" status="PASS">
          <reporter-output>
          </reporter-output>
        </test-method> <!-- loginTest -->
      </class> <!-- com.nithin.tests.StandAloneTest -->
    </test> <!-- Test -->
  </suite> <!-- Suite -->
</testng-results>
